This file contains any messages produced by compilers while
running configure, to aid debugging if configure makes a mistake.

It was created by configure, which was
generated by GNU Autoconf 2.61.  Invocation command line was

  $ ./configure --prefix=/Users/hvoicu/SPARX3/installation

## --------- ##
## Platform. ##
## --------- ##

hostname = Horatius-iMac.local
uname -m = x86_64
uname -r = 14.0.0
uname -s = Darwin
uname -v = Darwin Kernel Version 14.0.0: Fri Sep 19 00:26:44 PDT 2014; root:xnu-2782.1.97~2/RELEASE_X86_64

/usr/bin/uname -p = i386
/bin/uname -X     = unknown

/bin/arch              = unknown
/usr/bin/arch -k       = unknown
/usr/convex/getsysinfo = unknown
/usr/bin/hostinfo      = Mach kernel version:
	 Darwin Kernel Version 14.0.0: Fri Sep 19 00:26:44 PDT 2014; root:xnu-2782.1.97~2/RELEASE_X86_64
Kernel configured for up to 4 processors.
4 processors are physically available.
4 processors are logically available.
Processor type: x86_64h (Intel x86-64h Haswell)
Processors active: 0 1 2 3
Primary memory available: 32.00 gigabytes
Default processor set: 342 tasks, 1586 threads, 4 processors
Load average: 1.79, Mach factor: 2.21
/bin/machine           = unknown
/usr/bin/oslevel       = unknown
/bin/universe          = unknown

PATH: /Volumes/ChimeraInstaller/Chimera.app/Contents/MacOS/
PATH: /Users/hvoicu/EMAN2/src/eman2/.git/hooks
PATH: /usr/local/bin
PATH: /Users/hvoicu/valgrind/bin
PATH: /Users/hvoicu/bin
PATH: /usr/bin
PATH: /Users/hvoicu/SPARX3/installation/bin
PATH: /Users/hvoicu/EMAN2/bin
PATH: /bin
PATH: /usr/sbin
PATH: /sbin
PATH: /opt/X11/bin
PATH: /usr/local/git/bin


## ----------- ##
## Core tests. ##
## ----------- ##

configure:1794: checking build system type
configure:1812: result: i686-apple-darwin14.0.0
configure:1834: checking host system type
configure:1849: result: i686-apple-darwin14.0.0
configure:1871: checking target system type
configure:1886: result: i686-apple-darwin14.0.0
configure:1928: checking for a BSD-compatible install
configure:1984: result: /usr/bin/install -c
configure:1995: checking whether build environment is sane
configure:2038: result: yes
configure:2103: checking for gawk
configure:2133: result: no
configure:2103: checking for mawk
configure:2133: result: no
configure:2103: checking for nawk
configure:2133: result: no
configure:2103: checking for awk
configure:2119: found /usr/bin/awk
configure:2130: result: awk
configure:2141: checking whether make sets $(MAKE)
configure:2162: result: yes
configure:2359: checking for a BSD-compatible install
configure:2415: result: /usr/bin/install -c
configure:2478: checking for gcc
configure:2494: found /usr/bin/gcc
configure:2505: result: gcc
configure:2743: checking for C compiler version
configure:2750: gcc --version >&5
Configured with: --prefix=/Applications/Xcode.app/Contents/Developer/usr --with-gxx-include-dir=/Applications/Xcode.app/Contents/Developer/Platforms/MacOSX.platform/Developer/SDKs/MacOSX10.10.sdk/usr/include/c++/4.2.1
Apple LLVM version 6.0 (clang-600.0.56) (based on LLVM 3.5svn)
Target: x86_64-apple-darwin14.0.0
Thread model: posix
configure:2753: $? = 0
configure:2760: gcc -v >&5
Configured with: --prefix=/Applications/Xcode.app/Contents/Developer/usr --with-gxx-include-dir=/Applications/Xcode.app/Contents/Developer/Platforms/MacOSX.platform/Developer/SDKs/MacOSX10.10.sdk/usr/include/c++/4.2.1
Apple LLVM version 6.0 (clang-600.0.56) (based on LLVM 3.5svn)
Target: x86_64-apple-darwin14.0.0
Thread model: posix
configure:2763: $? = 0
configure:2770: gcc -V >&5
clang: error: argument to '-V' is missing (expected 1 value)
clang: error: no input files
configure:2773: $? = 1
configure:2796: checking for C compiler default output file name
configure:2823: gcc    conftest.c  >&5
configure:2826: $? = 0
configure:2864: result: a.out
configure:2881: checking whether the C compiler works
configure:2891: ./a.out
configure:2894: $? = 0
configure:2911: result: yes
configure:2918: checking whether we are cross compiling
configure:2920: result: no
configure:2923: checking for suffix of executables
configure:2930: gcc -o conftest    conftest.c  >&5
configure:2933: $? = 0
configure:2957: result: 
configure:2963: checking for suffix of object files
configure:2989: gcc -c   conftest.c >&5
configure:2992: $? = 0
configure:3015: result: o
configure:3019: checking whether we are using the GNU C compiler
configure:3048: gcc -c   conftest.c >&5
configure:3054: $? = 0
configure:3071: result: yes
configure:3076: checking whether gcc accepts -g
configure:3106: gcc -c -g  conftest.c >&5
configure:3112: $? = 0
configure:3211: result: yes
configure:3228: checking for gcc option to accept ISO C89
configure:3302: gcc  -c -g -O2  conftest.c >&5
configure:3308: $? = 0
configure:3331: result: none needed
configure:3360: checking for style of include used by make
configure:3388: result: GNU
configure:3416: checking dependency style of gcc
configure:3506: result: none
configure:3576: checking for g77
configure:3606: result: no
configure:3576: checking for xlf
configure:3606: result: no
configure:3576: checking for f77
configure:3606: result: no
configure:3576: checking for frt
configure:3606: result: no
configure:3576: checking for pgf77
configure:3606: result: no
configure:3576: checking for cf77
configure:3606: result: no
configure:3576: checking for fort77
configure:3606: result: no
configure:3576: checking for fl32
configure:3606: result: no
configure:3576: checking for af77
configure:3606: result: no
configure:3576: checking for xlf90
configure:3606: result: no
configure:3576: checking for f90
configure:3606: result: no
configure:3576: checking for pgf90
configure:3606: result: no
configure:3576: checking for pghpf
configure:3606: result: no
configure:3576: checking for epcf90
configure:3606: result: no
configure:3576: checking for gfortran
configure:3606: result: no
configure:3576: checking for g95
configure:3606: result: no
configure:3576: checking for xlf95
configure:3606: result: no
configure:3576: checking for f95
configure:3606: result: no
configure:3576: checking for fort
configure:3606: result: no
configure:3576: checking for ifort
configure:3606: result: no
configure:3576: checking for ifc
configure:3606: result: no
configure:3576: checking for efc
configure:3606: result: no
configure:3576: checking for pgf95
configure:3606: result: no
configure:3576: checking for lf95
configure:3606: result: no
configure:3576: checking for ftn
configure:3606: result: no
configure:3633: checking for Fortran 77 compiler version
configure:3640:  --version >&5
./configure: line 3641: --version: command not found
configure:3643: $? = 127
configure:3650:  -v >&5
./configure: line 3651: -v: command not found
configure:3653: $? = 127
configure:3660:  -V >&5
./configure: line 3661: -V: command not found
configure:3663: $? = 127
configure:3671: checking whether we are using the GNU Fortran 77 compiler
configure:3690:  -c  conftest.F >&5
./configure: line 3691: -c: command not found
configure:3696: $? = 127
configure: failed program was:
|       program main
| #ifndef __GNUC__
|        choke me
| #endif
| 
|       end
configure:3713: result: no
configure:3719: checking whether  accepts -g
configure:3736:  -c -g conftest.f >&5
./configure: line 3737: -c: command not found
configure:3742: $? = 127
configure: failed program was:
|       program main
| 
|       end
configure:3758: result: no
configure:3792: checking for main in -lm
configure:3821: gcc -o conftest -g -O2   conftest.c -lm   >&5
configure:3827: $? = 0
configure:3845: result: yes
configure:3899: checking for ranlib
configure:3915: found /usr/bin/ranlib
configure:3926: result: ranlib
configure:3958: checking how to run the C preprocessor
configure:3998: gcc -E  conftest.c
configure:4004: $? = 0
configure:4035: gcc -E  conftest.c
conftest.c:11:10: fatal error: 'ac_nonexistent.h' file not found
#include <ac_nonexistent.h>
         ^
1 error generated.
configure:4041: $? = 1
configure: failed program was:
| /* confdefs.h.  */
| #define PACKAGE_NAME ""
| #define PACKAGE_TARNAME ""
| #define PACKAGE_VERSION ""
| #define PACKAGE_STRING ""
| #define PACKAGE_BUGREPORT ""
| #define PACKAGE "MYMPI"
| #define VERSION "1.1.5"
| #define HAVE_LIBM 1
| /* end confdefs.h.  */
| #include <ac_nonexistent.h>
configure:4074: result: gcc -E
configure:4103: gcc -E  conftest.c
configure:4109: $? = 0
configure:4140: gcc -E  conftest.c
conftest.c:11:10: fatal error: 'ac_nonexistent.h' file not found
#include <ac_nonexistent.h>
         ^
1 error generated.
configure:4146: $? = 1
configure: failed program was:
| /* confdefs.h.  */
| #define PACKAGE_NAME ""
| #define PACKAGE_TARNAME ""
| #define PACKAGE_VERSION ""
| #define PACKAGE_STRING ""
| #define PACKAGE_BUGREPORT ""
| #define PACKAGE "MYMPI"
| #define VERSION "1.1.5"
| #define HAVE_LIBM 1
| /* end confdefs.h.  */
| #include <ac_nonexistent.h>
configure:4184: checking for grep that handles long lines and -e
configure:4258: result: /usr/local/bin/ggrep
configure:4263: checking for egrep
configure:4341: result: /usr/local/bin/ggrep -E
configure:4346: checking for ANSI C header files
configure:4376: gcc -c -g -O2  conftest.c >&5
configure:4382: $? = 0
configure:4481: gcc -o conftest -g -O2   conftest.c -lm  >&5
configure:4484: $? = 0
configure:4490: ./conftest
configure:4493: $? = 0
configure:4510: result: yes
configure:4534: checking for sys/types.h
configure:4555: gcc -c -g -O2  conftest.c >&5
configure:4561: $? = 0
configure:4577: result: yes
configure:4534: checking for sys/stat.h
configure:4555: gcc -c -g -O2  conftest.c >&5
configure:4561: $? = 0
configure:4577: result: yes
configure:4534: checking for stdlib.h
configure:4555: gcc -c -g -O2  conftest.c >&5
configure:4561: $? = 0
configure:4577: result: yes
configure:4534: checking for string.h
configure:4555: gcc -c -g -O2  conftest.c >&5
configure:4561: $? = 0
configure:4577: result: yes
configure:4534: checking for memory.h
configure:4555: gcc -c -g -O2  conftest.c >&5
configure:4561: $? = 0
configure:4577: result: yes
configure:4534: checking for strings.h
configure:4555: gcc -c -g -O2  conftest.c >&5
configure:4561: $? = 0
configure:4577: result: yes
configure:4534: checking for inttypes.h
configure:4555: gcc -c -g -O2  conftest.c >&5
configure:4561: $? = 0
configure:4577: result: yes
configure:4534: checking for stdint.h
configure:4555: gcc -c -g -O2  conftest.c >&5
configure:4561: $? = 0
configure:4577: result: yes
configure:4534: checking for unistd.h
configure:4555: gcc -c -g -O2  conftest.c >&5
configure:4561: $? = 0
configure:4577: result: yes
configure:4589: checking for long int
configure:4619: gcc -c -g -O2  conftest.c >&5
configure:4625: $? = 0
configure:4640: result: yes
configure:4647: checking size of long int
configure:4949: gcc -o conftest -g -O2   conftest.c -lm  >&5
configure:4952: $? = 0
configure:4958: ./conftest
configure:4961: $? = 0
configure:4984: result: 8
configure:5015: checking for python
configure:5033: found /usr/bin/python
configure:5045: result: /usr/bin/python
configure:5064: checking for python include directory
configure:5070: result: -I/System/Library/Frameworks/Python.framework/Versions/2.7/include/python2.7
configure:5118: checking for mpicc
configure:5136: found /Users/hvoicu/SPARX3/installation/bin/mpicc
configure:5148: result: /Users/hvoicu/SPARX3/installation/bin/mpicc
configure:5256: checking for --enable-fortran
configure:5296: result: no
configure:5508: creating ./config.status

## ---------------------- ##
## Running config.status. ##
## ---------------------- ##

This file was extended by config.status, which was
generated by GNU Autoconf 2.61.  Invocation command line was

  CONFIG_FILES    = 
  CONFIG_HEADERS  = 
  CONFIG_LINKS    = 
  CONFIG_COMMANDS = 
  $ ./config.status 

on Horatius-iMac.local

config.status:651: creating Makefile
config.status:651: creating src/Makefile
config.status:651: creating lib/Makefile
config.status:651: creating mpi_tests/Makefile
config.status:651: creating workit/Makefile
config.status:651: creating check/Makefile
config.status:836: executing depfiles commands

## ---------------- ##
## Cache variables. ##
## ---------------- ##

ac_cv_build=i686-apple-darwin14.0.0
ac_cv_c_compiler_gnu=yes
ac_cv_env_CC_set=
ac_cv_env_CC_value=
ac_cv_env_CFLAGS_set=
ac_cv_env_CFLAGS_value=
ac_cv_env_CPPFLAGS_set=
ac_cv_env_CPPFLAGS_value=
ac_cv_env_CPP_set=
ac_cv_env_CPP_value=
ac_cv_env_F77_set=
ac_cv_env_F77_value=
ac_cv_env_FFLAGS_set=
ac_cv_env_FFLAGS_value=
ac_cv_env_LDFLAGS_set=
ac_cv_env_LDFLAGS_value=
ac_cv_env_LIBS_set=
ac_cv_env_LIBS_value=
ac_cv_env_build_alias_set=
ac_cv_env_build_alias_value=
ac_cv_env_host_alias_set=
ac_cv_env_host_alias_value=
ac_cv_env_target_alias_set=
ac_cv_env_target_alias_value=
ac_cv_f77_compiler_gnu=no
ac_cv_header_inttypes_h=yes
ac_cv_header_memory_h=yes
ac_cv_header_stdc=yes
ac_cv_header_stdint_h=yes
ac_cv_header_stdlib_h=yes
ac_cv_header_string_h=yes
ac_cv_header_strings_h=yes
ac_cv_header_sys_stat_h=yes
ac_cv_header_sys_types_h=yes
ac_cv_header_unistd_h=yes
ac_cv_host=i686-apple-darwin14.0.0
ac_cv_lib_m_main=yes
ac_cv_objext=o
ac_cv_path_EGREP='/usr/local/bin/ggrep -E'
ac_cv_path_GREP=/usr/local/bin/ggrep
ac_cv_path_MPICC=/Users/hvoicu/SPARX3/installation/bin/mpicc
ac_cv_path_install='/usr/bin/install -c'
ac_cv_path_py_path=/usr/bin/python
ac_cv_prog_AWK=awk
ac_cv_prog_CPP='gcc -E'
ac_cv_prog_ac_ct_CC=gcc
ac_cv_prog_ac_ct_RANLIB=ranlib
ac_cv_prog_cc_c89=
ac_cv_prog_cc_g=yes
ac_cv_prog_f77_g=no
ac_cv_prog_make_make_set=yes
ac_cv_sizeof_long_int=8
ac_cv_target=i686-apple-darwin14.0.0
ac_cv_type_long_int=yes
am_cv_CC_dependencies_compiler_type=none

## ----------------- ##
## Output variables. ##
## ----------------- ##

ACLOCAL='${SHELL} /Users/hvoicu/ClionProjects/pydusa07/pydusa-1.15-sparx-8/missing --run aclocal-1.9'
AMDEPBACKSLASH='\'
AMDEP_FALSE='#'
AMDEP_TRUE=''
AMTAR='${SHELL} /Users/hvoicu/ClionProjects/pydusa07/pydusa-1.15-sparx-8/missing --run tar'
AUTOCONF='${SHELL} /Users/hvoicu/ClionProjects/pydusa07/pydusa-1.15-sparx-8/missing --run autoconf'
AUTOHEADER='${SHELL} /Users/hvoicu/ClionProjects/pydusa07/pydusa-1.15-sparx-8/missing --run autoheader'
AUTOMAKE='${SHELL} /Users/hvoicu/ClionProjects/pydusa07/pydusa-1.15-sparx-8/missing --run automake-1.9'
AWK='awk'
CC='/Users/hvoicu/SPARX3/installation/bin/mpicc'
CCDEPMODE='depmode=none'
CFLAGS='-g -O2 -DLONG64=long -fPIC -I/System/Library/Frameworks/Python.framework/Versions/2.7/include/python2.7 -I/System/Library/Frameworks/Python.framework/Versions/2.7/Extras/lib/python/numpy/core/include'
COMPILE_FORTRAN=''
COMPILE_FORTRAN_FALSE=''
COMPILE_FORTRAN_TRUE='#'
CPP='gcc -E'
CPPFLAGS=''
CYGPATH_W='echo'
DEFS='-DPACKAGE_NAME=\"\" -DPACKAGE_TARNAME=\"\" -DPACKAGE_VERSION=\"\" -DPACKAGE_STRING=\"\" -DPACKAGE_BUGREPORT=\"\" -DPACKAGE=\"MYMPI\" -DVERSION=\"1.1.5\" -DHAVE_LIBM=1 -DSTDC_HEADERS=1 -DHAVE_SYS_TYPES_H=1 -DHAVE_SYS_STAT_H=1 -DHAVE_STDLIB_H=1 -DHAVE_STRING_H=1 -DHAVE_MEMORY_H=1 -DHAVE_STRINGS_H=1 -DHAVE_INTTYPES_H=1 -DHAVE_STDINT_H=1 -DHAVE_UNISTD_H=1 -DSIZEOF_LONG_INT=8'
DEPDIR='.deps'
ECHO_C='ECHO_N=''
ECHO_T=''
EGREP='/usr/local/bin/ggrep -E'
EXEEXT=''
F77=''
FFLAGS=''
FLDFLAGS=''
GREP='/usr/local/bin/ggrep'
INSTALL_DATA='${INSTALL} -m 644'
INSTALL_PROGRAM='${INSTALL}'
INSTALL_SCRIPT='${INSTALL}'
INSTALL_STRIP_PROGRAM='${SHELL} $(install_sh) -c -s'
LDFLAGS='-shared -L/Users/hvoicu/SPARX3/installation/lib -lmpi -undefined dynamic_lookup'
LIBOBJS=''
LIBS='-lm '
LTLIBOBJS=''
MAKEINFO='${SHELL} /Users/hvoicu/ClionProjects/pydusa07/pydusa-1.15-sparx-8/missing --run makeinfo'
MPIBIN='/Users/hvoicu/SPARX3/installation/bin'
MPICC='/Users/hvoicu/SPARX3/installation/bin/mpicc'
MPIFC=''
MPIINC='/Users/hvoicu/SPARX3/installation/include'
MPILIB='/Users/hvoicu/SPARX3/installation/lib'
MPIROOT='/Users/hvoicu/SPARX3/installation'
OBJEXT='o'
PACKAGE='MYMPI'
PACKAGE_BUGREPORT=''
PACKAGE_NAME=''
PACKAGE_STRING=''
PACKAGE_TARNAME=''
PACKAGE_VERSION=''
PATH_SEPARATOR=':'
RANLIB='ranlib'
SET_MAKE=''
SHELL='/bin/sh'
STRIP=''
VERSION='1.1.5'
ac_ct_CC='gcc'
ac_ct_F77=''
am__fastdepCC_FALSE=''
am__fastdepCC_TRUE='#'
am__include='include'
am__leading_dot='.'
am__quote=''
am__tar='${AMTAR} chof - "$$tardir"'
am__untar='${AMTAR} xf -'
bindir='${exec_prefix}/bin'
build='i686-apple-darwin14.0.0'
build_alias=''
build_cpu='i686'
build_os='darwin14.0.0'
build_vendor='apple'
datadir='${datarootdir}'
datarootdir='${prefix}/share'
docdir='${datarootdir}/doc/${PACKAGE}'
dvidir='${docdir}'
exec_prefix='${prefix}'
host='i686-apple-darwin14.0.0'
host_alias=''
host_cpu='i686'
host_os='darwin14.0.0'
host_vendor='apple'
htmldir='${docdir}'
includedir='${prefix}/include'
infodir='${datarootdir}/info'
install_sh='/Users/hvoicu/ClionProjects/pydusa07/pydusa-1.15-sparx-8/install-sh'
libdir='${exec_prefix}/lib'
libexecdir='${exec_prefix}/libexec'
localedir='${datarootdir}/locale'
localstatedir='${prefix}/var'
mandir='${datarootdir}/man'
mkdir_p='$(install_sh) -d'
oldincludedir='/usr/include'
pdfdir='${docdir}'
prefix='/Users/hvoicu/SPARX3/installation'
program_transform_name='s,x,x,'
psdir='${docdir}'
py_path='/usr/bin/python'
sbindir='${exec_prefix}/sbin'
sharedstatedir='${prefix}/com'
sysconfdir='${prefix}/etc'
target='i686-apple-darwin14.0.0'
target_alias=''
target_cpu='i686'
target_os='darwin14.0.0'
target_vendor='apple'

## ----------- ##
## confdefs.h. ##
## ----------- ##

#define PACKAGE_NAME ""
#define PACKAGE_TARNAME ""
#define PACKAGE_VERSION ""
#define PACKAGE_STRING ""
#define PACKAGE_BUGREPORT ""
#define PACKAGE "MYMPI"
#define VERSION "1.1.5"
#define HAVE_LIBM 1
#define STDC_HEADERS 1
#define HAVE_SYS_TYPES_H 1
#define HAVE_SYS_STAT_H 1
#define HAVE_STDLIB_H 1
#define HAVE_STRING_H 1
#define HAVE_MEMORY_H 1
#define HAVE_STRINGS_H 1
#define HAVE_INTTYPES_H 1
#define HAVE_STDINT_H 1
#define HAVE_UNISTD_H 1
#define SIZEOF_LONG_INT 8

configure: exit 0
